<?xml version="1.0" encoding="UTF-8"?>
<testsuite xmlns:xsi="http://www.w3.org/2001/XMLSchema-instance" xsi:schemaLocation="https://maven.apache.org/surefire/maven-surefire-plugin/xsd/surefire-test-report.xsd" name="TestSuite" time="54.202" tests="3" errors="0" skipped="0" failures="2">
  <properties>
    <property name="java.runtime.name" value="Java(TM) SE Runtime Environment"/>
    <property name="sun.boot.library.path" value="/Library/Java/JavaVirtualMachines/jdk1.8.0_51.jdk/Contents/Home/jre/lib"/>
    <property name="java.vm.version" value="25.51-b03"/>
    <property name="gopherProxySet" value="false"/>
    <property name="java.vm.vendor" value="Oracle Corporation"/>
    <property name="maven.multiModuleProjectDirectory" value="/Users/nguyen.pham/Documents/workspace/WalletHubMaven"/>
    <property name="java.vendor.url" value="http://java.oracle.com/"/>
    <property name="path.separator" value=":"/>
    <property name="guice.disable.misplaced.annotation.check" value="true"/>
    <property name="java.vm.name" value="Java HotSpot(TM) 64-Bit Server VM"/>
    <property name="file.encoding.pkg" value="sun.io"/>
    <property name="user.country" value="US"/>
    <property name="sun.java.launcher" value="SUN_STANDARD"/>
    <property name="sun.os.patch.level" value="unknown"/>
    <property name="java.vm.specification.name" value="Java Virtual Machine Specification"/>
    <property name="user.dir" value="/Users/nguyen.pham/Documents/workspace/WalletHubMaven"/>
    <property name="java.runtime.version" value="1.8.0_51-b16"/>
    <property name="java.awt.graphicsenv" value="sun.awt.CGraphicsEnvironment"/>
    <property name="java.endorsed.dirs" value="/Library/Java/JavaVirtualMachines/jdk1.8.0_51.jdk/Contents/Home/jre/lib/endorsed"/>
    <property name="os.arch" value="x86_64"/>
    <property name="java.io.tmpdir" value="/var/folders/6z/mccc4kfs52z0dhf0jbpn9zk0vyjjjh/T/"/>
    <property name="line.separator" value="&#10;"/>
    <property name="java.vm.specification.vendor" value="Oracle Corporation"/>
    <property name="os.name" value="Mac OS X"/>
    <property name="classworlds.conf" value="/Users/nguyen.pham/Documents/workspace/.metadata/.plugins/org.eclipse.m2e.launching/launches/m2conf2925221143767089732.tmp"/>
    <property name="sun.jnu.encoding" value="UTF-8"/>
    <property name="java.library.path" value="/Users/nguyen.pham/Library/Java/Extensions:/Library/Java/Extensions:/Network/Library/Java/Extensions:/System/Library/Java/Extensions:/usr/lib/java:."/>
    <property name="java.specification.name" value="Java Platform API Specification"/>
    <property name="java.class.version" value="52.0"/>
    <property name="sun.management.compiler" value="HotSpot 64-Bit Tiered Compilers"/>
    <property name="os.version" value="10.12.2"/>
    <property name="http.nonProxyHosts" value="local|*.local|169.254/16|*.169.254/16"/>
    <property name="user.home" value="/Users/nguyen.pham"/>
    <property name="user.timezone" value="Asia/Ho_Chi_Minh"/>
    <property name="java.awt.printerjob" value="sun.lwawt.macosx.CPrinterJob"/>
    <property name="java.specification.version" value="1.8"/>
    <property name="file.encoding" value="UTF-8"/>
    <property name="user.name" value="nguyen.pham"/>
    <property name="java.class.path" value="/Users/nguyen.pham/eclipse/jee-neon/Eclipse.app/Contents/Eclipse/../../../../../.p2/pool/plugins/org.eclipse.m2e.maven.runtime_1.7.0.20160603-1931/jars/plexus-classworlds-2.5.2.jar"/>
    <property name="java.vm.specification.version" value="1.8"/>
    <property name="sun.arch.data.model" value="64"/>
    <property name="java.home" value="/Library/Java/JavaVirtualMachines/jdk1.8.0_51.jdk/Contents/Home/jre"/>
    <property name="sun.java.command" value="org.codehaus.plexus.classworlds.launcher.Launcher -B test"/>
    <property name="java.specification.vendor" value="Oracle Corporation"/>
    <property name="user.language" value="en"/>
    <property name="awt.toolkit" value="sun.lwawt.macosx.LWCToolkit"/>
    <property name="java.vm.info" value="mixed mode"/>
    <property name="java.version" value="1.8.0_51"/>
    <property name="java.ext.dirs" value="/Users/nguyen.pham/Library/Java/Extensions:/Library/Java/JavaVirtualMachines/jdk1.8.0_51.jdk/Contents/Home/jre/lib/ext:/Library/Java/Extensions:/Network/Library/Java/Extensions:/System/Library/Java/Extensions:/usr/lib/java"/>
    <property name="sun.boot.class.path" value="/Library/Java/JavaVirtualMachines/jdk1.8.0_51.jdk/Contents/Home/jre/lib/resources.jar:/Library/Java/JavaVirtualMachines/jdk1.8.0_51.jdk/Contents/Home/jre/lib/rt.jar:/Library/Java/JavaVirtualMachines/jdk1.8.0_51.jdk/Contents/Home/jre/lib/sunrsasign.jar:/Library/Java/JavaVirtualMachines/jdk1.8.0_51.jdk/Contents/Home/jre/lib/jsse.jar:/Library/Java/JavaVirtualMachines/jdk1.8.0_51.jdk/Contents/Home/jre/lib/jce.jar:/Library/Java/JavaVirtualMachines/jdk1.8.0_51.jdk/Contents/Home/jre/lib/charsets.jar:/Library/Java/JavaVirtualMachines/jdk1.8.0_51.jdk/Contents/Home/jre/lib/jfr.jar:/Library/Java/JavaVirtualMachines/jdk1.8.0_51.jdk/Contents/Home/jre/classes"/>
    <property name="java.vendor" value="Oracle Corporation"/>
    <property name="maven.home" value="/Users/nguyen.pham/Documents/workspace/WalletHubMaven/EMBEDDED"/>
    <property name="file.separator" value="/"/>
    <property name="java.vendor.url.bug" value="http://bugreport.sun.com/bugreport/"/>
    <property name="sun.cpu.endian" value="little"/>
    <property name="sun.io.unicode.encoding" value="UnicodeBig"/>
    <property name="socksNonProxyHosts" value="local|*.local|169.254/16|*.169.254/16"/>
    <property name="ftp.nonProxyHosts" value="local|*.local|169.254/16|*.169.254/16"/>
    <property name="sun.cpu.isalist" value=""/>
  </properties>
  <testcase name="postAFacebookMessage" classname="org.wallethub.suites.FacebookMessage" time="23.239"/>
  <testcase name="WalletHubReviewVerify" classname="org.wallethub.suites.WalletHubReview" time="19.479">
    <failure message="this.browser.getBrowserForTab is not a function&#10;Build info: version: &apos;3.0.1&apos;, revision: &apos;1969d75&apos;, time: &apos;2016-10-18 09:49:13 -0700&apos;&#10;System info: host: &apos;NguyenPT.local&apos;, ip: &apos;192.168.0.8&apos;, os.name: &apos;Mac OS X&apos;, os.arch: &apos;x86_64&apos;, os.version: &apos;10.12.2&apos;, java.version: &apos;1.8.0_51&apos;&#10;Driver info: org.openqa.selenium.firefox.FirefoxDriver&#10;Capabilities [{rotatable=false, raisesAccessibilityExceptions=false, marionette=true, firefoxOptions={args=[], prefs={}}, appBuildId=20160303134406, version=, platform=MAC, proxy={}, specificationLevel=1, acceptSslCerts=false, browserVersion=45.0, platformVersion=16.3.0, XULappId={ec8030f7-c20a-464f-9b0e-13a3a9e97384}, browserName=Firefox, takesScreenshot=true, takesElementScreenshot=true, platformName=Darwin, device=desktop}]&#10;Session ID: 74a9ef45-3dce-c744-9fd2-d11e01dab7fd&#10;*** Element info: {Using=xpath, value=//form[@id=&quot;reviewform&quot;]//span[text()=&quot;Please select your policy&quot;]}" type="org.openqa.selenium.WebDriverException">org.openqa.selenium.WebDriverException: 
this.browser.getBrowserForTab is not a function
Build info: version: '3.0.1', revision: '1969d75', time: '2016-10-18 09:49:13 -0700'
System info: host: 'NguyenPT.local', ip: '192.168.0.8', os.name: 'Mac OS X', os.arch: 'x86_64', os.version: '10.12.2', java.version: '1.8.0_51'
Driver info: org.openqa.selenium.firefox.FirefoxDriver
Capabilities [{rotatable=false, raisesAccessibilityExceptions=false, marionette=true, firefoxOptions={args=[], prefs={}}, appBuildId=20160303134406, version=, platform=MAC, proxy={}, specificationLevel=1, acceptSslCerts=false, browserVersion=45.0, platformVersion=16.3.0, XULappId={ec8030f7-c20a-464f-9b0e-13a3a9e97384}, browserName=Firefox, takesScreenshot=true, takesElementScreenshot=true, platformName=Darwin, device=desktop}]
Session ID: 74a9ef45-3dce-c744-9fd2-d11e01dab7fd
*** Element info: {Using=xpath, value=//form[@id="reviewform"]//span[text()="Please select your policy"]}
	at org.wallethub.suites.WalletHubReview.WalletHubReviewVerify(WalletHubReview.java:54)
</failure>
    <system-out><![CDATA[Closing browser...
Invalid browser type....ff
Write some random text (minimum of 200 characters).write some random text (minimum of 200 characters).write some random text (minimum of 200 characters).write some random text (minimum of 200 characters).write some random text (minimum of 200 characters).
org.openqa.selenium.UnsupportedCommandException: POST /session/74a9ef45-3dce-c744-9fd2-d11e01dab7fd/moveto did not match a known command
Build info: version: '3.0.1', revision: '1969d75', time: '2016-10-18 09:49:13 -0700'
System info: host: 'NguyenPT.local', ip: '192.168.0.8', os.name: 'Mac OS X', os.arch: 'x86_64', os.version: '10.12.2', java.version: '1.8.0_51'
Driver info: org.openqa.selenium.firefox.FirefoxDriver
Capabilities [{rotatable=false, raisesAccessibilityExceptions=false, marionette=true, firefoxOptions={args=[], prefs={}}, appBuildId=20160303134406, version=, platform=MAC, proxy={}, specificationLevel=1, acceptSslCerts=false, browserVersion=45.0, platformVersion=16.3.0, XULappId={ec8030f7-c20a-464f-9b0e-13a3a9e97384}, browserName=Firefox, takesScreenshot=true, takesElementScreenshot=true, platformName=Darwin, device=desktop}]
Session ID: 74a9ef45-3dce-c744-9fd2-d11e01dab7fd
]]></system-out>
    <system-err><![CDATA[1482945746227	geckodriver	INFO	Listening on 127.0.0.1:6541
Dec 29, 2016 12:22:26 AM org.openqa.selenium.remote.ProtocolHandshake createSession
INFO: Attempting bi-dialect session, assuming Postel's Law holds true on the remote end
1482945746233	mozprofile::profile	INFO	Using profile path /var/folders/6z/mccc4kfs52z0dhf0jbpn9zk0vyjjjh/T/rust_mozprofile.uNm2331zVBzk
1482945746234	geckodriver::marionette	INFO	Starting browser /Applications/Firefox.app/Contents/MacOS/firefox-bin
1482945746238	geckodriver::marionette	INFO	Connecting to Marionette on localhost:52602
[warn] kq_init: detected broken kqueue; not using.: Undefined error: 0
Dec 29, 2016 12:22:27 AM org.openqa.selenium.remote.ProtocolHandshake createSession
INFO: Detected dialect: W3C
[warn] kq_init: detected broken kqueue; not using.: Undefined error: 0
Vector smash protection is enabled.
1482945752987 Marionette: Element does not have a correct accessibility role and may not be manipulated via the accessibility API -> id: , tagName: INPUT, className: single validate ng-pristine ng-untouched ng-empty ng-invalid ng-invalid-required
JavaScript warning: https://normandy.cdn.mozilla.net/static/bundles/selfrepair-133d4d7c9de72117ee8e.24ec5279eef1.js, line 7: mutating the [[Prototype]] of an object will cause your code to run very slowly; instead create the object with the correct initial [[Prototype]] value using Object.create
1482945754195 Marionette: Element does not have an accessible object -> id: , tagName: SPAN, className: 
*************************
A coding exception was thrown and uncaught in a Task.

Full message: TypeError: this.browser.getBrowserForTab is not a function
Full stack: BrowserObj.prototype.hasRemotenessChange@chrome://marionette/content/driver.js:3239:25
BrowserObj.prototype.executeWhenReady@chrome://marionette/content/driver.js:3270:7
GeckoDriver.prototype.sendAsync@chrome://marionette/content/driver.js:228:5
send/proxy<@chrome://marionette/content/proxy.js:150:7
send@chrome://marionette/content/proxy.js:111:17
ownPriorityGetterTrap.get/<@chrome://marionette/content/proxy.js:28:25
GeckoDriver.prototype.findElement@chrome://marionette/content/driver.js:1905:1
TaskImpl_run@resource://gre/modules/Task.jsm:331:41
TaskImpl@resource://gre/modules/Task.jsm:276:3
createAsyncFunction/asyncFunction@resource://gre/modules/Task.jsm:250:14
Task_spawn@resource://gre/modules/Task.jsm:164:12
TaskImpl_handleResultValue@resource://gre/modules/Task.jsm:384:1
TaskImpl_run@resource://gre/modules/Task.jsm:323:13
TaskImpl@resource://gre/modules/Task.jsm:276:3
createAsyncFunction/asyncFunction@resource://gre/modules/Task.jsm:250:14
Task_spawn@resource://gre/modules/Task.jsm:164:12
Dispatcher.prototype.execute@chrome://marionette/content/dispatcher.js:119:13
Dispatcher.prototype.onPacket@chrome://marionette/content/dispatcher.js:90:5
DebuggerTransport.prototype._onJSONObjectReady/<@chrome://marionette/content/server.js -> resourceDec 29, 2016 12:22:50 AM org.openqa.selenium.support.ui.ExpectedConditions findElement
WARNING: WebDriverException thrown by findElement(By.xpath: //form[@id="reviewform"]//span[text()="Please select your policy"])
org.openqa.selenium.WebDriverException: this.browser.getBrowserForTab is not a function
Build info: version: '3.0.1', revision: '1969d75', time: '2016-10-18 09:49:13 -0700'
System info: host: 'NguyenPT.local', ip: '192.168.0.8', os.name: 'Mac OS X', os.arch: 'x86_64', os.version: '10.12.2', java.version: '1.8.0_51'
Driver info: org.openqa.selenium.firefox.FirefoxDriver
Capabilities [{rotatable=false, raisesAccessibilityExceptions=false, marionette=true, firefoxOptions={args=[], prefs={}}, appBuildId=20160303134406, version=, platform=MAC, proxy={}, specificationLevel=1, acceptSslCerts=false, browserVersion=45.0, platformVersion=16.3.0, XULappId={ec8030f7-c20a-464f-9b0e-13a3a9e97384}, browserName=Firefox, takesScreenshot=true, takesElementScreenshot=true, platformName=Darwin, device=desktop}]
Session ID: 74a9ef45-3dce-c744-9fd2-d11e01dab7fd
*** Element info: {Using=xpath, value=//form[@id="reviewform"]//span[text()="Please select your policy"]}
	at sun.reflect.NativeConstructorAccessorImpl.newInstance0(Native Method)
	at sun.reflect.NativeConstructorAccessorImpl.newInstance(NativeConstructorAccessorImpl.java:62)
	at sun.reflect.DelegatingConstructorAccessorImpl.newInstance(DelegatingConstructorAccessorImpl.java:45)
	at java.lang.reflect.Constructor.newInstance(Constructor.java:422)
	at org.openqa.selenium.remote.http.W3CHttpResponseCodec.createException(W3CHttpResponseCodec.java:127)
	at org.openqa.selenium.remote.http.W3CHttpResponseCodec.decode(W3CHttpResponseCodec.java:93)
	at org.openqa.selenium.remote.http.W3CHttpResponseCodec.decode(W3CHttpResponseCodec.java:42)
	at org.openqa.selenium.remote.HttpCommandExecutor.execute(HttpCommandExecutor.java:163)
	at org.openqa.selenium.remote.service.DriverCommandExecutor.execute(DriverCommandExecutor.java:82)
	at org.openqa.selenium.remote.RemoteWebDriver.execute(RemoteWebDriver.java:601)
	at org.openqa.selenium.remote.RemoteWebDriver.findElement(RemoteWebDriver.java:368)
	at org.openqa.selenium.remote.RemoteWebDriver.findElementByXPath(RemoteWebDriver.java:473)
	at org.openqa.selenium.By$ByXPath.findElement(By.java:361)
	at org.openqa.selenium.remote.RemoteWebDriver.findElement(RemoteWebDriver.java:360)
	at org.openqa.selenium.support.ui.ExpectedConditions.findElement(ExpectedConditions.java:895)
	at org.openqa.selenium.support.ui.ExpectedConditions.access$000(ExpectedConditions.java:41)
	at org.openqa.selenium.support.ui.ExpectedConditions$6.apply(ExpectedConditions.java:181)
	at org.openqa.selenium.support.ui.ExpectedConditions$6.apply(ExpectedConditions.java:178)
	at org.openqa.selenium.support.ui.FluentWait.until(FluentWait.java:238)
	at org.wallethub.resources.ReviewScreen.verifyCurrentScreenIsReviewScreen(ReviewScreen.java:42)
	at org.wallethub.suites.WalletHubReview.WalletHubReviewVerify(WalletHubReview.java:54)
	at sun.reflect.NativeMethodAccessorImpl.invoke0(Native Method)
	at sun.reflect.NativeMethodAccessorImpl.invoke(NativeMethodAccessorImpl.java:62)
	at sun.reflect.DelegatingMethodAccessorImpl.invoke(DelegatingMethodAccessorImpl.java:43)
	at java.lang.reflect.Method.invoke(Method.java:497)
	at org.testng.internal.MethodInvocationHelper.invokeMethod(MethodInvocationHelper.java:104)
	at org.testng.internal.Invoker.invokeMethod(Invoker.java:645)
	at org.testng.internal.Invoker.invokeTestMethod(Invoker.java:851)
	at org.testng.internal.Invoker.invokeTestMethods(Invoker.java:1177)
	at org.testng.internal.TestMethodWorker.invokeTestMethods(TestMethodWorker.java:129)
	at org.testng.internal.TestMethodWorker.run(TestMethodWorker.java:112)
	at org.testng.TestRunner.privateRun(TestRunner.java:756)
	at org.testng.TestRunner.run(TestRunner.java:610)
	at org.testng.SuiteRunner.runTest(SuiteRunner.java:387)
	at org.testng.SuiteRunner.runSequentially(SuiteRunner.java:382)
	at org.testng.SuiteRunner.privateRun(SuiteRunner.java:340)
	at org.testng.SuiteRunner.run(SuiteRunner.java:289)
	at org.testng.SuiteRunnerWorker.runSuite(SuiteRunnerWorker.java:52)
	at org.testng.SuiteRunnerWorker.run(SuiteRunnerWorker.java:86)
	at org.testng.TestNG.runSuitesSequentially(TestNG.java:1293)
	at org.testng.TestNG.runSuitesLocally(TestNG.java:1218)
	at org.testng.TestNG.runSuites(TestNG.java:1133)
	at org.testng.TestNG.run(TestNG.java:1104)
	at org.apache.maven.surefire.testng.TestNGExecutor.run(TestNGExecutor.java:281)
	at org.apache.maven.surefire.testng.TestNGXmlTestSuite.execute(TestNGXmlTestSuite.java:75)
	at org.apache.maven.surefire.testng.TestNGProvider.invoke(TestNGProvider.java:121)
	at org.apache.maven.surefire.booter.ForkedBooter.invokeProviderInSameClassLoader(ForkedBooter.java:290)
	at org.apache.maven.surefire.booter.ForkedBooter.runSuitesInProcess(ForkedBooter.java:242)
	at org.apache.maven.surefire.booter.ForkedBooter.main(ForkedBooter.java:121)

://devtools/shared/transport/transport.js:479:9
makeInfallible/<@resource://gre/modules/commonjs/toolkit/loader.js -> resource://devtools/shared/DevToolsUtils.js:87:14
makeInfallible/<@resource://gre/modules/commonjs/toolkit/loader.js -> resource://devtools/shared/DevToolsUtils.js:87:14

*************************
*************************
A coding exception was thrown and uncaught in a Task.

Full message: TypeError: this.browser.getBrowserForTab is not a function
Full stack: BrowserObj.prototype.hasRemotenessChange@chrome://marionette/content/driver.js:3239:25
BrowserObj.prototype.executeWhenReady@chrome://marionette/content/driver.js:3270:7
GeckoDriver.prototype.sendAsync@chrome://marionette/content/driver.js:228:5
send/proxy<@chrome://marionette/content/proxy.js:150:7
send@chrome://marionette/content/proxy.js:111:17
ownPriorityGetterTrap.get/<@chrome://marionette/content/proxy.js:28:25
GeckoDriver.prototype.findElement@chrome://marionette/content/driver.js:1905:1
TaskImpl_run@resource://gre/modules/Task.jsm:331:41
TaskImpl@resource://gre/modules/Task.jsm:276:3
createAsyncFunction/asyncFunction@resource://gre/modules/Task.jsm:250:14
Task_spawn@resource://gre/modules/Task.jsm:164:12
TaskImpl_handleResultValue@resource://gre/modules/Task.jsm:384:1
TaskImpl_run@resource://gre/modules/Task.jsm:323:13
TaskImpl@resource://gre/modules/Task.jsm:276:3
createAsyncFunction/asyncFunction@resource://gre/modules/Task.jsm:250:14
Task_spawn@resource://gre/modules/Task.jsm:164:12
Dispatcher.prototype.execute@chrome://marionette/content/dispatcher.js:119:13
Dispatcher.prototype.onPacket@chrome://marionette/content/dispatcher.js:90:5
DebuggerTransport.prototype._onJSONObjectReady/<@chrome://marionette/content/server.js -> resource://devtools/shared/transport/transport.js:479:9
makeInfallible/<@resource://gre/modules/commonjs/toolkit/loader.js -> resource://devtools/shared/DevToolsUtils.js:87:14
makeInfallible/<@resource://gre/modules/commonjs/toolkit/loader.js -> resource://devtools/shared/DevToolsUtils.js:87:14

*************************
*************************
A coding exception was thrown in a Promise rejection callback.
See https://developer.mozilla.org/Mozilla/JavaScript_code_modules/Promise.jsm/Promise

Full message: TypeError: this.browser.getBrowserForTab is not a function
Full stack: BrowserObj.prototype.hasRemotenessChange@chrome://marionette/content/driver.js:3239:25
BrowserObj.prototype.executeWhenReady@chrome://marionette/content/driver.js:3270:7
GeckoDriver.prototype.sendAsync@chrome://marionette/content/driver.js:228:5
send/proxy<@chrome://marionette/content/proxy.js:150:7
send@chrome://marionette/content/proxy.js:111:17
ownPriorityGetterTrap.get/<@chrome://marionette/content/proxy.js:28:25
GeckoDriver.prototype.findElement@chrome://marionette/content/driver.js:1905:1
TaskImpl_run@resource://gre/modules/Task.jsm:331:41
TaskImpl@resource://gre/modules/Task.jsm:276:3
createAsyncFunction/asyncFunction@resource://gre/modules/Task.jsm:250:14
Task_spawn@resource://gre/modules/Task.jsm:164:12
TaskImpl_handleResultValue@resource://gre/modules/Task.jsm:384:1
TaskImpl_run@resource://gre/modules/Task.jsm:323:13
TaskImpl@resource://gre/modules/Task.jsm:276:3
createAsyncFunction/asyncFunction@resource://gre/modules/Task.jsm:250:14
Task_spawn@resource://gre/modules/Task.jsm:164:12
Dispatcher.prototype.execute@chrome://marionette/content/dispatcher.js:119:13
Dispatcher.prototype.onPacket@chrome://marionette/content/dispatcher.js:90:5
DebuggerTransport.prototype._onJSONObjectReady/<@chrome://marionette/content/server.js -> resource://devtools/shared/transport/transport.js:479:9
makeInfallible/<@resource://gre/modules/commonjs/toolkit/loader.js -> resource://devtools/shared/DevToolsUtils.js:87:14
makeInfallible/<@resource://gre/modules/commonjs/toolkit/loader.js -> resource://devtools/shared/DevToolsUtils.js:87:14

*************************
Marionette threw an error: TypeError: this.browser.getBrowserForTab is not a function
BrowserObj.prototype.hasRemotenessChange@chrome://marionette/content/driver.js:3239:25
BrowserObj.prototype.executeWhenReady@chrome://marionette/content/driver.js:3270:7
GeckoDriver.prototype.sendAsync@chrome://marionette/content/driver.js:228:5
send/proxy<@chrome://marionette/content/proxy.js:150:7
send@chrome://marionette/content/proxy.js:111:17
ownPriorityGetterTrap.get/<@chrome://marionette/content/proxy.js:28:25
GeckoDriver.prototype.findElement@chrome://marionette/content/driver.js:1905:1
TaskImpl_run@resource://gre/modules/Task.jsm:331:41
TaskImpl@resource://gre/modules/Task.jsm:276:3
createAsyncFunction/asyncFunction@resource://gre/modules/Task.jsm:250:14
Task_spawn@resource://gre/modules/Task.jsm:164:12
TaskImpl_han]]></system-err>
  </testcase>
  <testcase name="afterMethod" classname="org.wallethub.suites.WalletHubReview" time="19.486">
    <failure message="this.browser.getBrowserForTab is not a function&#10;Build info: version: &apos;3.0.1&apos;, revision: &apos;1969d75&apos;, time: &apos;2016-10-18 09:49:13 -0700&apos;&#10;System info: host: &apos;NguyenPT.local&apos;, ip: &apos;192.168.0.8&apos;, os.name: &apos;Mac OS X&apos;, os.arch: &apos;x86_64&apos;, os.version: &apos;10.12.2&apos;, java.version: &apos;1.8.0_51&apos;&#10;Driver info: org.openqa.selenium.firefox.FirefoxDriver&#10;Capabilities [{rotatable=false, raisesAccessibilityExceptions=false, marionette=true, firefoxOptions={args=[], prefs={}}, appBuildId=20160303134406, version=, platform=MAC, proxy={}, specificationLevel=1, acceptSslCerts=false, browserVersion=45.0, platformVersion=16.3.0, XULappId={ec8030f7-c20a-464f-9b0e-13a3a9e97384}, browserName=Firefox, takesScreenshot=true, takesElementScreenshot=true, platformName=Darwin, device=desktop}]&#10;Session ID: 74a9ef45-3dce-c744-9fd2-d11e01dab7fd" type="org.openqa.selenium.WebDriverException">org.openqa.selenium.WebDriverException: 
this.browser.getBrowserForTab is not a function
Build info: version: '3.0.1', revision: '1969d75', time: '2016-10-18 09:49:13 -0700'
System info: host: 'NguyenPT.local', ip: '192.168.0.8', os.name: 'Mac OS X', os.arch: 'x86_64', os.version: '10.12.2', java.version: '1.8.0_51'
Driver info: org.openqa.selenium.firefox.FirefoxDriver
Capabilities [{rotatable=false, raisesAccessibilityExceptions=false, marionette=true, firefoxOptions={args=[], prefs={}}, appBuildId=20160303134406, version=, platform=MAC, proxy={}, specificationLevel=1, acceptSslCerts=false, browserVersion=45.0, platformVersion=16.3.0, XULappId={ec8030f7-c20a-464f-9b0e-13a3a9e97384}, browserName=Firefox, takesScreenshot=true, takesElementScreenshot=true, platformName=Darwin, device=desktop}]
Session ID: 74a9ef45-3dce-c744-9fd2-d11e01dab7fd
	at org.wallethub.suites.WalletHubReview.afterMethod(WalletHubReview.java:101)
</failure>
    <system-err><![CDATA[dleResultValue@resource://gre/modules/Task.jsm:384:1
TaskImpl_run@resource://gre/modules/Task.jsm:323:13
TaskImpl@resource://gre/modules/Task.jsm:276:3
createAsyncFunction/asyncFunction@resource://gre/modules/Task.jsm:250:14
Task_spawn@resource://gre/modules/Task.jsm:164:12
Dispatcher.prototype.execute@chrome://marionette/content/dispatcher.js:119:13
Dispatcher.prototype.onPacket@chrome://marionette/content/dispatcher.js:90:5
DebuggerTransport.prototype._onJSONObjectReady/<@chrome://marionette/content/server.js -> resource://devtools/shared/transport/transport.js:479:9
makeInfallible/<@resource://gre/modules/commonjs/toolkit/loader.js -> resource://devtools/shared/DevToolsUtils.js:87:14
makeInfallible/<@resource://gre/modules/commonjs/toolkit/loader.js -> resource://devtools/shared/DevToolsUtils.js:87:14

*************************
A coding exception was thrown and uncaught in a Task.

Full message: TypeError: this.browser.getBrowserForTab is not a function
Full stack: BrowserObj.prototype.hasRemotenessChange@chrome://marionette/content/driver.js:3239:25
BrowserObj.prototype.executeWhenReady@chrome://marionette/content/driver.js:3270:7
GeckoDriver.prototype.sendAsync@chrome://marionette/content/driver.js:228:5
send/proxy<@chrome://marionette/content/proxy.js:150:7
send@chrome://marionette/content/proxy.js:111:17
ownPriorityGetterTrap.get/<@chrome://marionette/content/proxy.js:28:25
GeckoDriver.prototype.takeScreenshot@chrome://marionette/content/driver.js:2620:1
Dispatcher.prototype.execute/req<@chrome://marionette/content/dispatcher.js:125:20
TaskImpl_run@resource://gre/modules/Task.jsm:315:40
TaskImpl@resource://gre/modules/Task.jsm:276:3
createAsyncFunction/asyncFunction@resource://gre/modules/Task.jsm:250:14
Task_spawn@resource://gre/modules/Task.jsm:164:12
Dispatcher.prototype.execute@chrome://marionette/content/dispatcher.js:119:13
Dispatcher.prototype.onPacket@chrome://marionette/content/dispatcher.js:90:5
DebuggerTrans]]></system-err>
  </testcase>
</testsuite>